build/app/outputs/mapping/release/mapping.txt
# compiler: R8
# compiler_version: 3.0.62
# min_api: 21
# pg_map_id: 919efd1
# common_typos_disable
com.example.flutter_auth.MainActivity -> com.example.flutter_auth.MainActivity:
    void configureFlutterEngine(io.flutter.embedding.engine.FlutterEngine) -> w
...
kotlinx.coroutines.CoroutineExceptionHandler$Key -> kotlinx.coroutines.CoroutineExceptionHandler$a:
    kotlinx.coroutines.CoroutineExceptionHandler$Key $$INSTANCE -> a
kotlinx.coroutines.CoroutineExceptionHandlerImplKt -> a5.v:
    java.util.List handlers -> a
    void handleCoroutineExceptionImpl(kotlin.coroutines.CoroutineContext,java.lang.Throwable) -> a
kotlinx.coroutines.CoroutineExceptionHandlerKt -> a5.w:
    void handleCoroutineException(kotlin.coroutines.CoroutineContext,java.lang.Throwable) -> a
    java.lang.Throwable handlerException(java.lang.Throwable,java.lang.Throwable) -> b
kotlinx.coroutines.CoroutineId -> a5.x:
    kotlinx.coroutines.CoroutineId$Key Key -> f
    long id -> e
    void restoreThreadContext(kotlin.coroutines.CoroutineContext,java.lang.Object) -> c
    java.lang.Object updateThreadContext(kotlin.coroutines.CoroutineContext) -> i
    long getId() -> n
    void restoreThreadContext(kotlin.coroutines.CoroutineContext,java.lang.String) -> o
    java.lang.String updateThreadContext(kotlin.coroutines.CoroutineContext) -> p
kotlinx.coroutines.CoroutineId$Key -> a5.x$a:
kotlinx.coroutines.CoroutineName -> a5.y:
    kotlinx.coroutines.CoroutineName$Key Key -> f
    java.lang.String name -> e
    java.lang.String getName() -> n
kotlinx.coroutines.CoroutineName$Key -> a5.y$a:
kotlinx.coroutines.CoroutineScope -> a5.z:
    kotlin.coroutines.CoroutineContext getCoroutineContext() -> e
kotlinx.coroutines.CoroutineScopeKt -> a5.a0:
    kotlinx.coroutines.CoroutineScope CoroutineScope(kotlin.coroutines.CoroutineContext) -> a
    kotlinx.coroutines.CoroutineScope MainScope() -> b
    kotlinx.coroutines.CoroutineScope plus(kotlinx.coroutines.CoroutineScope,kotlin.coroutines.CoroutineContext) -> c
kotlinx.coroutines.CoroutineStart -> kotlinx.coroutines.a:
kotlinx.coroutines.CoroutineStart$WhenMappings -> a5.b0:
    int[] $EnumSwitchMapping$1 -> b
    int[] $EnumSwitchMapping$0 -> a
kotlinx.coroutines.CoroutinesInternalError -> a5.c0:
kotlinx.coroutines.DebugKt -> a5.d0:
    boolean ASSERTIONS_ENABLED -> a
    boolean DEBUG -> b
    java.util.concurrent.atomic.AtomicLong COROUTINE_ID -> d
    boolean RECOVER_STACK_TRACES -> c
    boolean getASSERTIONS_ENABLED() -> a
    java.util.concurrent.atomic.AtomicLong getCOROUTINE_ID() -> b
    boolean getDEBUG() -> c
    boolean getRECOVER_STACK_TRACES() -> d
kotlinx.coroutines.DebugStringsKt -> a5.e0:
    java.lang.String getClassSimpleName(java.lang.Object) -> a
    java.lang.String getHexAddress(java.lang.Object) -> b
    java.lang.String toDebugString(kotlin.coroutines.Continuation) -> c
kotlinx.coroutines.DefaultExecutor -> a5.f0:
    kotlinx.coroutines.DefaultExecutor INSTANCE -> l
    long KEEP_ALIVE_NANOS -> k
    void acknowledgeShutdownIfNeeded() -> Q
    java.lang.Thread createThreadSync() -> R
    boolean isShutdownRequested() -> S
    boolean notifyStartup() -> T
    java.lang.Thread getThread() -> z
kotlinx.coroutines.DispatchedContinuation -> a5.g0:
    java.lang.Object countOrElement -> j
    kotlinx.coroutines.CoroutineDispatcher dispatcher -> k
    java.lang.Object _state -> h
    kotlin.coroutines.jvm.internal.CoroutineStackFrame callerFrame -> i
    kotlin.coroutines.Continuation continuation -> l
    kotlin.coroutines.Continuation getDelegate$kotlinx_coroutines_core() -> b
    java.lang.Object takeState$kotlinx_coroutines_core() -> f
    kotlinx.coroutines.CancellableContinuationImpl getReusableCancellableContinuation() -> g
kotlinx.coroutines.DispatchedContinuationKt -> a5.h0:
    kotlinx.coroutines.internal.Symbol UNDEFINED -> a
    kotlinx.coroutines.internal.Symbol access$getUNDEFINED$p() -> a
    void resumeCancellableWith(kotlin.coroutines.Continuation,java.lang.Object) -> b