build/app/outputs/mapping/release/usage.txt
com.example.flutter_auth.BuildConfig
com.example.flutter_auth.R$anim
com.example.flutter_auth.R$animator
com.example.flutter_auth.R$attr
com.example.flutter_auth.R$bool
com.example.flutter_auth.R$color
com.example.flutter_auth.R$dimen
com.example.flutter_auth.R$drawable
com.example.flutter_auth.R$id
com.example.flutter_auth.R$integer
com.example.flutter_auth.R$interpolator
com.example.flutter_auth.R$layout
com.example.flutter_auth.R$menu
com.example.flutter_auth.R$mipmap
com.example.flutter_auth.R$navigation
com.example.flutter_auth.R$raw
com.example.flutter_auth.R$string
com.example.flutter_auth.R$style
com.example.flutter_auth.R$styleable
com.example.flutter_auth.R$xml
com.example.flutter_auth.R
...
com.google.android.gms.common.internal.zah
com.google.android.gms.common.internal.zal
com.google.android.gms.common.internal.zao
com.google.android.gms.common.internal.zza
com.google.android.gms.common.internal.zzj:
    public static com.google.android.gms.common.internal.zzi zzb(android.os.IBinder)
com.google.android.gms.common.internal.zzk
com.google.android.gms.common.internal.zzl
com.google.android.gms.common.internal.zzm
com.google.android.gms.common.internal.zzn
com.google.android.gms.common.internal.zzo
com.google.android.gms.common.internal.zzp:
    public static java.lang.String zzc(android.content.Context)
com.google.android.gms.common.internal.zzr
com.google.android.gms.common.internal.zzs
com.google.android.gms.common.logging.Logger
com.google.android.gms.common.providers.PooledExecutorsProvider$PooledExecutorFactory
com.google.android.gms.common.providers.PooledExecutorsProvider
com.google.android.gms.common.providers.zza
com.google.android.gms.common.server.FavaDiagnosticsEntity
com.google.android.gms.common.server.converter.StringToIntConverter$zaa
com.google.android.gms.common.server.converter.StringToIntConverter
com.google.android.gms.common.server.converter.zaa
com.google.android.gms.common.server.converter.zab
com.google.android.gms.common.server.converter.zac
com.google.android.gms.common.server.converter.zad
com.google.android.gms.common.server.response.FastJsonResponse$Field
com.google.android.gms.common.server.response.FastJsonResponse$FieldConverter
com.google.android.gms.common.server.response.FastJsonResponse
com.google.android.gms.common.server.response.FastParser$ParseException
com.google.android.gms.common.server.response.FastParser$zaa
com.google.android.gms.common.server.response.FastParser
com.google.android.gms.common.server.response.FastSafeParcelableJsonResponse
com.google.android.gms.common.server.response.SafeParcelResponse
com.google.android.gms.common.server.response.zaa
com.google.android.gms.common.server.response.zab
com.google.android.gms.common.server.response.zac
com.google.android.gms.common.server.response.zad
com.google.android.gms.common.server.response.zae
com.google.android.gms.common.server.response.zaf
com.google.android.gms.common.server.response.zag
com.google.android.gms.common.server.response.zah
com.google.android.gms.common.server.response.zai
com.google.android.gms.common.server.response.zaj
com.google.android.gms.common.server.response.zak
com.google.android.gms.common.server.response.zal
com.google.android.gms.common.server.response.zam
com.google.android.gms.common.server.response.zan
com.google.android.gms.common.server.response.zao
com.google.android.gms.common.server.response.zap
com.google.android.gms.common.server.zaa
com.google.android.gms.common.sqlite.CursorWrapper
com.google.android.gms.common.stats.ConnectionTracker:
    public boolean bindService(android.content.Context,android.content.Intent,android.content.ServiceConnection,int)
com.google.android.gms.common.stats.LoggingConstants
com.google.android.gms.common.stats.StatsEvent$Types
com.google.android.gms.common.stats.StatsEvent
com.google.android.gms.common.stats.StatsUtils
com.google.android.gms.common.stats.WakeLockEvent
com.google.android.gms.common.stats.WakeLockTracker
com.google.android.gms.common.stats.zza
com.google.android.gms.common.util.AndroidUtilsLight